<?xml version="1.0" encoding="UTF-8"?>
<!-- Generated by org.testng.reporters.JUnitXMLReporter -->
<testsuite ignored="0" hostname="DESKTOP-ISHA750" failures="0" tests="5" name="Default test" time="87.143" errors="0" timestamp="2024-08-11T21:48:05 IST">
  <testcase classname="TestCases.FunctionalityTesting_Flights" name="FlightSearchwithDynamicValues" time="17.221"/>
  <testcase classname="TestCases.FunctionalityTesting_Flights" name="FlightSearchwithDynamicValues" time="13.722"/>
  <testcase classname="TestCases.FunctionalityTesting_Flights" name="FlightSearchwithDynamicValues" time="14.326"/>
  <testcase classname="TestCases.FunctionalityTesting_Flights" name="FlightSearchwithDynamicValues" time="14.558"/>
  <testcase classname="TestCases.FunctionalityTesting_Flights" name="FlightSearchwithDynamicValues" time="15.321"/>
</testsuite> <!-- Default test -->
