<?xml version="1.0" encoding="UTF-8"?>
<testng-results ignored="0" total="5" passed="5" failed="0" skipped="0">
  <reporter-output>
  </reporter-output>
  <suite started-at="2024-08-11T21:46:38 IST" name="Default suite" finished-at="2024-08-11T21:48:05 IST" duration-ms="87143">
    <groups>
    </groups>
    <test started-at="2024-08-11T21:46:38 IST" name="Default test" finished-at="2024-08-11T21:48:05 IST" duration-ms="87143">
      <class name="TestCases.FunctionalityTesting_Flights">
        <test-method is-config="true" signature="LaunchBrowser()[pri:0, instance:TestCases.FunctionalityTesting_Flights@6bbe85a8]" started-at="2024-08-11T21:46:36 IST" name="LaunchBrowser" finished-at="2024-08-11T21:46:38 IST" duration-ms="2248" status="PASS">
          <reporter-output>
          </reporter-output>
        </test-method> <!-- LaunchBrowser -->
        <test-method is-config="true" signature="getpopup()[pri:0, instance:TestCases.FunctionalityTesting_Flights@6bbe85a8]" started-at="2024-08-11T21:46:38 IST" name="getpopup" finished-at="2024-08-11T21:46:46 IST" duration-ms="8037" status="PASS">
          <reporter-output>
          </reporter-output>
        </test-method> <!-- getpopup -->
        <test-method signature="FlightSearchwithDynamicValues(java.lang.String,java.lang.String,java.lang.String,java.lang.String,java.lang.String,java.lang.String,java.lang.String,java.lang.String)[pri:0, instance:TestCases.FunctionalityTesting_Flights@6bbe85a8]" started-at="2024-08-11T21:46:47 IST" name="FlightSearchwithDynamicValues" data-provider="GetValiddatas" finished-at="2024-08-11T21:47:04 IST" duration-ms="17221" status="PASS">
          <params>
            <param index="0">
              <value>
                <![CDATA[MAA]]>
              </value>
            </param>
            <param index="1">
              <value>
                <![CDATA[DEL]]>
              </value>
            </param>
            <param index="2">
              <value>
                <![CDATA[20]]>
              </value>
            </param>
            <param index="3">
              <value>
                <![CDATA[September 2024]]>
              </value>
            </param>
            <param index="4">
              <value>
                <![CDATA[2]]>
              </value>
            </param>
            <param index="5">
              <value>
                <![CDATA[2]]>
              </value>
            </param>
            <param index="6">
              <value>
                <![CDATA[1]]>
              </value>
            </param>
            <param index="7">
              <value>
                <![CDATA[Business]]>
              </value>
            </param>
          </params>
          <reporter-output>
          </reporter-output>
        </test-method> <!-- FlightSearchwithDynamicValues -->
        <test-method is-config="true" signature="AddScreenshotInReport(org.testng.ITestResult)[pri:0, instance:TestCases.FunctionalityTesting_Flights@6bbe85a8]" started-at="2024-08-11T21:47:04 IST" name="AddScreenshotInReport" finished-at="2024-08-11T21:47:05 IST" duration-ms="482" status="PASS">
          <params>
            <param index="0">
              <value>
                <![CDATA[[TestResult name=FlightSearchwithDynamicValues status=SUCCESS method=FunctionalityTesting_Flights.FlightSearchwithDynamicValues(java.lang.String,java.lang.String,java.lang.String,java.lang.String,java.lang.String,java.lang.String,java.lang.String,java.lang.String)[pri:0, instance:TestCases.FunctionalityTesting_Flights@6bbe85a8] output={null}]]]>
              </value>
            </param>
          </params>
          <reporter-output>
          </reporter-output>
        </test-method> <!-- AddScreenshotInReport -->
        <test-method signature="FlightSearchwithDynamicValues(java.lang.String,java.lang.String,java.lang.String,java.lang.String,java.lang.String,java.lang.String,java.lang.String,java.lang.String)[pri:0, instance:TestCases.FunctionalityTesting_Flights@6bbe85a8]" started-at="2024-08-11T21:47:05 IST" name="FlightSearchwithDynamicValues" data-provider="GetValiddatas" finished-at="2024-08-11T21:47:19 IST" duration-ms="13722" status="PASS">
          <params>
            <param index="0">
              <value>
                <![CDATA[HYD]]>
              </value>
            </param>
            <param index="1">
              <value>
                <![CDATA[PNQ]]>
              </value>
            </param>
            <param index="2">
              <value>
                <![CDATA[21]]>
              </value>
            </param>
            <param index="3">
              <value>
                <![CDATA[September 2024]]>
              </value>
            </param>
            <param index="4">
              <value>
                <![CDATA[3]]>
              </value>
            </param>
            <param index="5">
              <value>
                <![CDATA[3]]>
              </value>
            </param>
            <param index="6">
              <value>
                <![CDATA[0]]>
              </value>
            </param>
            <param index="7">
              <value>
                <![CDATA[Premium Economy]]>
              </value>
            </param>
          </params>
          <reporter-output>
          </reporter-output>
        </test-method> <!-- FlightSearchwithDynamicValues -->
        <test-method is-config="true" signature="AddScreenshotInReport(org.testng.ITestResult)[pri:0, instance:TestCases.FunctionalityTesting_Flights@6bbe85a8]" started-at="2024-08-11T21:47:19 IST" name="AddScreenshotInReport" finished-at="2024-08-11T21:47:19 IST" duration-ms="856" status="PASS">
          <params>
            <param index="0">
              <value>
                <![CDATA[[TestResult name=FlightSearchwithDynamicValues status=SUCCESS method=FunctionalityTesting_Flights.FlightSearchwithDynamicValues(java.lang.String,java.lang.String,java.lang.String,java.lang.String,java.lang.String,java.lang.String,java.lang.String,java.lang.String)[pri:0, instance:TestCases.FunctionalityTesting_Flights@6bbe85a8] output={null}]]]>
              </value>
            </param>
          </params>
          <reporter-output>
          </reporter-output>
        </test-method> <!-- AddScreenshotInReport -->
        <test-method signature="FlightSearchwithDynamicValues(java.lang.String,java.lang.String,java.lang.String,java.lang.String,java.lang.String,java.lang.String,java.lang.String,java.lang.String)[pri:0, instance:TestCases.FunctionalityTesting_Flights@6bbe85a8]" started-at="2024-08-11T21:47:19 IST" name="FlightSearchwithDynamicValues" data-provider="GetValiddatas" finished-at="2024-08-11T21:47:34 IST" duration-ms="14326" status="PASS">
          <params>
            <param index="0">
              <value>
                <![CDATA[DEL]]>
              </value>
            </param>
            <param index="1">
              <value>
                <![CDATA[DXB]]>
              </value>
            </param>
            <param index="2">
              <value>
                <![CDATA[15]]>
              </value>
            </param>
            <param index="3">
              <value>
                <![CDATA[September 2024]]>
              </value>
            </param>
            <param index="4">
              <value>
                <![CDATA[8]]>
              </value>
            </param>
            <param index="5">
              <value>
                <![CDATA[2]]>
              </value>
            </param>
            <param index="6">
              <value>
                <![CDATA[0]]>
              </value>
            </param>
            <param index="7">
              <value>
                <![CDATA[Business]]>
              </value>
            </param>
          </params>
          <reporter-output>
          </reporter-output>
        </test-method> <!-- FlightSearchwithDynamicValues -->
        <test-method is-config="true" signature="AddScreenshotInReport(org.testng.ITestResult)[pri:0, instance:TestCases.FunctionalityTesting_Flights@6bbe85a8]" started-at="2024-08-11T21:47:34 IST" name="AddScreenshotInReport" finished-at="2024-08-11T21:47:34 IST" duration-ms="542" status="PASS">
          <params>
            <param index="0">
              <value>
                <![CDATA[[TestResult name=FlightSearchwithDynamicValues status=SUCCESS method=FunctionalityTesting_Flights.FlightSearchwithDynamicValues(java.lang.String,java.lang.String,java.lang.String,java.lang.String,java.lang.String,java.lang.String,java.lang.String,java.lang.String)[pri:0, instance:TestCases.FunctionalityTesting_Flights@6bbe85a8] output={null}]]]>
              </value>
            </param>
          </params>
          <reporter-output>
          </reporter-output>
        </test-method> <!-- AddScreenshotInReport -->
        <test-method signature="FlightSearchwithDynamicValues(java.lang.String,java.lang.String,java.lang.String,java.lang.String,java.lang.String,java.lang.String,java.lang.String,java.lang.String)[pri:0, instance:TestCases.FunctionalityTesting_Flights@6bbe85a8]" started-at="2024-08-11T21:47:34 IST" name="FlightSearchwithDynamicValues" data-provider="GetValiddatas" finished-at="2024-08-11T21:47:49 IST" duration-ms="14558" status="PASS">
          <params>
            <param index="0">
              <value>
                <![CDATA[MAA]]>
              </value>
            </param>
            <param index="1">
              <value>
                <![CDATA[BOM]]>
              </value>
            </param>
            <param index="2">
              <value>
                <![CDATA[19]]>
              </value>
            </param>
            <param index="3">
              <value>
                <![CDATA[September 2024]]>
              </value>
            </param>
            <param index="4">
              <value>
                <![CDATA[5]]>
              </value>
            </param>
            <param index="5">
              <value>
                <![CDATA[3]]>
              </value>
            </param>
            <param index="6">
              <value>
                <![CDATA[3]]>
              </value>
            </param>
            <param index="7">
              <value>
                <![CDATA[Economy/Premium Economy]]>
              </value>
            </param>
          </params>
          <reporter-output>
          </reporter-output>
        </test-method> <!-- FlightSearchwithDynamicValues -->
        <test-method is-config="true" signature="AddScreenshotInReport(org.testng.ITestResult)[pri:0, instance:TestCases.FunctionalityTesting_Flights@6bbe85a8]" started-at="2024-08-11T21:47:49 IST" name="AddScreenshotInReport" finished-at="2024-08-11T21:47:49 IST" duration-ms="377" status="PASS">
          <params>
            <param index="0">
              <value>
                <![CDATA[[TestResult name=FlightSearchwithDynamicValues status=SUCCESS method=FunctionalityTesting_Flights.FlightSearchwithDynamicValues(java.lang.String,java.lang.String,java.lang.String,java.lang.String,java.lang.String,java.lang.String,java.lang.String,java.lang.String)[pri:0, instance:TestCases.FunctionalityTesting_Flights@6bbe85a8] output={null}]]]>
              </value>
            </param>
          </params>
          <reporter-output>
          </reporter-output>
        </test-method> <!-- AddScreenshotInReport -->
        <test-method signature="FlightSearchwithDynamicValues(java.lang.String,java.lang.String,java.lang.String,java.lang.String,java.lang.String,java.lang.String,java.lang.String,java.lang.String)[pri:0, instance:TestCases.FunctionalityTesting_Flights@6bbe85a8]" started-at="2024-08-11T21:47:49 IST" name="FlightSearchwithDynamicValues" data-provider="GetValiddatas" finished-at="2024-08-11T21:48:05 IST" duration-ms="15321" status="PASS">
          <params>
            <param index="0">
              <value>
                <![CDATA[DXB]]>
              </value>
            </param>
            <param index="1">
              <value>
                <![CDATA[HYD]]>
              </value>
            </param>
            <param index="2">
              <value>
                <![CDATA[20]]>
              </value>
            </param>
            <param index="3">
              <value>
                <![CDATA[September 2024]]>
              </value>
            </param>
            <param index="4">
              <value>
                <![CDATA[6]]>
              </value>
            </param>
            <param index="5">
              <value>
                <![CDATA[0]]>
              </value>
            </param>
            <param index="6">
              <value>
                <![CDATA[3]]>
              </value>
            </param>
            <param index="7">
              <value>
                <![CDATA[Business]]>
              </value>
            </param>
          </params>
          <reporter-output>
          </reporter-output>
        </test-method> <!-- FlightSearchwithDynamicValues -->
        <test-method is-config="true" signature="AddScreenshotInReport(org.testng.ITestResult)[pri:0, instance:TestCases.FunctionalityTesting_Flights@6bbe85a8]" started-at="2024-08-11T21:48:05 IST" name="AddScreenshotInReport" finished-at="2024-08-11T21:48:05 IST" duration-ms="763" status="PASS">
          <params>
            <param index="0">
              <value>
                <![CDATA[[TestResult name=FlightSearchwithDynamicValues status=SUCCESS method=FunctionalityTesting_Flights.FlightSearchwithDynamicValues(java.lang.String,java.lang.String,java.lang.String,java.lang.String,java.lang.String,java.lang.String,java.lang.String,java.lang.String)[pri:0, instance:TestCases.FunctionalityTesting_Flights@6bbe85a8] output={null}]]]>
              </value>
            </param>
          </params>
          <reporter-output>
          </reporter-output>
        </test-method> <!-- AddScreenshotInReport -->
        <test-method is-config="true" signature="Teardown()[pri:0, instance:TestCases.FunctionalityTesting_Flights@6bbe85a8]" started-at="2024-08-11T21:48:05 IST" name="Teardown" finished-at="2024-08-11T21:48:06 IST" duration-ms="776" status="PASS">
          <reporter-output>
          </reporter-output>
        </test-method> <!-- Teardown -->
      </class> <!-- TestCases.FunctionalityTesting_Flights -->
    </test> <!-- Default test -->
  </suite> <!-- Default suite -->
</testng-results>
